2020-06-14 22:49:34.000548 INFO  TestHarness:114 - Method called for loading config file.
2020-06-14 22:50:11.000672 INFO  TestHarness:74 - Setup of Android Test Environment is started
2020-06-14 22:50:11.000673 INFO  TestHarness:86 - The driver instance is io.appium.java_client.android.AndroidDriver, Capabilities: {INSTALL_GRANT_RUNTIME_PERMISSIONS=true, acceptSslCerts=true, app=/Users/chirumamillabhargav/Downloads/MaerskApps/apps/android/app-centrepoint-release.apk, appActivity=com.landmarkgroupreactapps.MainActivity, appPackage=com.landmarkgroup.centrepointstores, autoWebView=true, automationName=UiAutomator2, databaseEnabled=false, desired={app=/Users/chirumamillabhargav/Downloads/MaerskApps/apps/android/app-centrepoint-release.apk, autoWebView=true, unhandledPromptBehavior=true, deviceName=Samsung S8, fullReset=true, appActivity=com.landmarkgroupreactapps.MainActivity, webContentsDebuggingEnabled=true, acceptSslCerts=true, newCommandTimeout=3600, INSTALL_GRANT_RUNTIME_PERMISSIONS=true, automationName=UiAutomator2, platformName=android, udid=1dd020ae0205, unexpectedAlertBehaviour=true}, deviceApiLevel=27, deviceManufacturer=Xiaomi, deviceModel=Redmi Note 5, deviceName=1dd020ae0205, deviceScreenDensity=440, deviceScreenSize=1080x2160, deviceUDID=1dd020ae0205, fullReset=true, javascriptEnabled=true, locationContextEnabled=false, networkConnectionEnabled=true, newCommandTimeout=3600, pixelRatio=2.75, platform=LINUX, platformName=LINUX, platformVersion=8.1.0, statBarHeight=76, takesScreenshot=true, udid=1dd020ae0205, unexpectedAlertBehaviour=true, unhandledPromptBehavior=true, viewportRect={top=76, left=0, width=1080, height=1954}, warnings={}, webContentsDebuggingEnabled=true, webStorageEnabled=false}
2020-06-14 22:50:12.000330 INFO  ServiceHookss:63 - ************Test Execution started:Launch Maersk-Shipping App with Shipping Icons Animation_view************

2020-06-14 22:50:14.000009 INFO  TestHarness:182 - Launching Android App
2020-06-14 22:50:16.000369 INFO  BaseDeviceElement:60 - User found  element in screen is available : true
2020-06-14 22:50:17.000421 INFO  ServiceHookss:48 - Launch Maersk-Shipping App with Shipping Icons Animation_view is Passed
2020-06-14 22:50:17.000438 INFO  ServiceHookss:53 - Launch Maersk-Shipping App with Shipping Icons Animation_view ---------->has Passed
2020-06-14 22:50:17.000438 INFO  ServiceHookss:55 - ************Test Execution completed for Test:Launch Maersk-Shipping App with Shipping Icons Animation_view************

2020-06-14 22:50:17.000441 INFO  ServiceHookss:63 - ************Test Execution started:Select Language - Header Title************

2020-06-14 22:50:23.000267 INFO  BaseDeviceElement:60 - User found  element in screen is available : true
2020-06-14 22:50:24.000693 INFO  ServiceHookss:48 - Select Language - Header Title is Passed
2020-06-14 22:50:24.000695 INFO  ServiceHookss:53 - Select Language - Header Title ---------->has Passed
2020-06-14 22:50:24.000697 INFO  ServiceHookss:55 - ************Test Execution completed for Test:Select Language - Header Title************

2020-06-14 22:50:24.000699 INFO  ServiceHookss:63 - ************Test Execution started:iOS-Continue & Android-Ok Button Bottom of the screen************

2020-06-14 22:50:24.000939 INFO  BaseDeviceElement:60 - User found  element in screen is available : true
2020-06-14 22:50:26.000095 INFO  ServiceHookss:48 - iOS-Continue & Android-Ok Button Bottom of the screen is Passed
2020-06-14 22:50:26.000096 INFO  ServiceHookss:53 - iOS-Continue & Android-Ok Button Bottom of the screen ---------->has Passed
2020-06-14 22:50:26.000096 INFO  ServiceHookss:55 - ************Test Execution completed for Test:iOS-Continue & Android-Ok Button Bottom of the screen************

2020-06-14 22:50:26.000098 INFO  ServiceHookss:63 - ************Test Execution started:Select Language************

2020-06-14 22:50:26.000245 INFO  BaseDeviceElement:60 - User found  element in screen is available : true
2020-06-14 22:50:26.000881 INFO  BaseDeviceElement:72 - User Tap MobileElement is  : [[io.appium.java_client.android.AndroidDriver, Capabilities: {INSTALL_GRANT_RUNTIME_PERMISSIONS=true, acceptSslCerts=true, app=/Users/chirumamillabhargav/Downloads/MaerskApps/apps/android/app-centrepoint-release.apk, appActivity=com.landmarkgroupreactapps.MainActivity, appPackage=com.landmarkgroup.centrepointstores, autoWebView=true, automationName=UiAutomator2, databaseEnabled=false, desired={app=/Users/chirumamillabhargav/Downloads/MaerskApps/apps/android/app-centrepoint-release.apk, autoWebView=true, unhandledPromptBehavior=true, deviceName=Samsung S8, fullReset=true, appActivity=com.landmarkgroupreactapps.MainActivity, webContentsDebuggingEnabled=true, acceptSslCerts=true, newCommandTimeout=3600, INSTALL_GRANT_RUNTIME_PERMISSIONS=true, automationName=UiAutomator2, platformName=android, udid=1dd020ae0205, unexpectedAlertBehaviour=true}, deviceApiLevel=27, deviceManufacturer=Xiaomi, deviceModel=Redmi Note 5, deviceName=1dd020ae0205, deviceScreenDensity=440, deviceScreenSize=1080x2160, deviceUDID=1dd020ae0205, fullReset=true, javascriptEnabled=true, locationContextEnabled=false, networkConnectionEnabled=true, newCommandTimeout=3600, pixelRatio=2.75, platform=LINUX, platformName=LINUX, platformVersion=8.1.0, statBarHeight=76, takesScreenshot=true, udid=1dd020ae0205, unexpectedAlertBehaviour=true, unhandledPromptBehavior=true, viewportRect={top=76, left=0, width=1080, height=1954}, warnings={}, webContentsDebuggingEnabled=true, webStorageEnabled=false}] -> xpath: //android.widget.TextView]
2020-06-14 22:50:27.000855 INFO  BaseDeviceElement:72 - User Tap MobileElement is  : Located by By.chained({By.id: com.maersk.trackandtrace.maerskline:id/continue_button})
2020-06-14 22:50:29.000942 INFO  BaseDeviceElement:48 - User found text in screen is available : Accept terms and conditions
2020-06-14 22:50:31.000147 INFO  ServiceHookss:48 - Select Language is Passed
2020-06-14 22:50:31.000148 INFO  ServiceHookss:53 - Select Language ---------->has Passed
2020-06-14 22:50:31.000149 INFO  ServiceHookss:55 - ************Test Execution completed for Test:Select Language************

2020-06-14 22:50:31.000151 INFO  ServiceHookss:63 - ************Test Execution started:Verify Terms & Conditions************

2020-06-14 22:50:31.000308 INFO  BaseDeviceElement:48 - User found text in screen is available : Usage of the Maersk application requires accepting the terms and conditions of use.
2020-06-14 22:50:31.000403 INFO  BaseDeviceElement:60 - User found  element in screen is available : true
2020-06-14 22:50:31.000661 INFO  BaseDeviceElement:48 - User found text in screen is available : Terms & Conditions
2020-06-14 22:50:32.000726 INFO  ServiceHookss:48 - Verify Terms & Conditions is Passed
2020-06-14 22:50:32.000728 INFO  ServiceHookss:53 - Verify Terms & Conditions ---------->has Passed
2020-06-14 22:50:32.000728 INFO  ServiceHookss:55 - ************Test Execution completed for Test:Verify Terms & Conditions************

2020-06-14 22:50:32.000729 INFO  ServiceHookss:63 - ************Test Execution started:Verify View Terms & Conditions************

2020-06-14 22:50:32.000871 INFO  BaseDeviceElement:72 - User Tap MobileElement is  : Located by By.chained({By.id: com.maersk.trackandtrace.maerskline:id/view_terms_button})
2020-06-14 22:50:34.000327 INFO  BaseDeviceElement:60 - User found  element in screen is available : true
2020-06-14 22:50:34.000412 INFO  BaseDeviceElement:60 - User found  element in screen is available : true
2020-06-14 22:50:34.000654 INFO  BaseDeviceElement:72 - User Tap MobileElement is  : Located by By.chained({By.AccessibilityId: Navigate up})
2020-06-14 22:50:36.000787 INFO  BaseDeviceElement:72 - User Tap MobileElement is  : Located by By.chained({By.id: com.maersk.trackandtrace.maerskline:id/continue_button})
2020-06-14 22:50:37.000750 INFO  ServiceHookss:48 - Verify View Terms & Conditions is Passed
2020-06-14 22:50:37.000751 INFO  ServiceHookss:53 - Verify View Terms & Conditions ---------->has Passed
2020-06-14 22:50:37.000751 INFO  ServiceHookss:55 - ************Test Execution completed for Test:Verify View Terms & Conditions************

2020-06-14 22:50:37.000752 INFO  ServiceHookss:63 - ************Test Execution started:Select None Of the Above under Enchance your Experience Screen************

2020-06-14 22:50:37.000895 INFO  BaseDeviceElement:60 - User found  element in screen is available : true
2020-06-14 22:50:37.000992 INFO  BaseDeviceElement:60 - User found  element in screen is available : true
2020-06-14 22:50:38.000091 INFO  BaseDeviceElement:60 - User found  element in screen is available : true
2020-06-14 22:50:38.000199 INFO  BaseDeviceElement:60 - User found  element in screen is available : true
2020-06-14 22:50:38.000314 INFO  BaseDeviceElement:72 - User Tap MobileElement is  : Located by By.chained({By.id: com.maersk.trackandtrace.maerskline:id/none_of_the_above_button})
2020-06-14 22:50:39.000279 INFO  ServiceHookss:48 - Select None Of the Above under Enchance your Experience Screen is Passed
2020-06-14 22:50:39.000280 INFO  ServiceHookss:53 - Select None Of the Above under Enchance your Experience Screen ---------->has Passed
2020-06-14 22:50:39.000280 INFO  ServiceHookss:55 - ************Test Execution completed for Test:Select None Of the Above under Enchance your Experience Screen************

2020-06-14 22:50:39.000281 INFO  ServiceHookss:63 - ************Test Execution started:Verify New Price and Book Feature************

2020-06-14 22:50:40.000333 INFO  BaseDeviceElement:60 - User found  element in screen is available : true
2020-06-14 22:50:40.000595 INFO  BaseDeviceElement:60 - User found  element in screen is available : true
2020-06-14 22:50:40.000825 INFO  BaseDeviceElement:60 - User found  element in screen is available : true
2020-06-14 22:50:40.000826 INFO  BaseDeviceElement:190 - About to swipe from Right to Left
2020-06-14 22:50:42.000198 INFO  BaseDeviceElement:206 - Swipe RightToLeft completed
2020-06-14 22:50:42.000205 INFO  BaseDeviceElement:209 - Refreshing the page
2020-06-14 22:50:42.000742 INFO  BaseDeviceElement:60 - User found  element in screen is available : true
2020-06-14 22:50:42.000743 INFO  BaseDeviceElement:215 - About to swipe from Left to Right
2020-06-14 22:50:44.000000 INFO  BaseDeviceElement:231 - Swipe Left To Right completed
2020-06-14 22:50:44.000001 INFO  BaseDeviceElement:234 - Refreshing the page
2020-06-14 22:50:45.000048 INFO  BaseDeviceElement:60 - User found  element in screen is available : true
2020-06-14 22:50:45.000050 INFO  BaseDeviceElement:190 - About to swipe from Right to Left
2020-06-14 22:50:46.000335 INFO  BaseDeviceElement:206 - Swipe RightToLeft completed
2020-06-14 22:50:46.000335 INFO  BaseDeviceElement:209 - Refreshing the page
2020-06-14 22:50:47.000106 INFO  BaseDeviceElement:72 - User Tap MobileElement is  : Located by By.chained({By.id: com.maersk.trackandtrace.maerskline:id/got_it_btn})
2020-06-14 22:50:47.000969 INFO  ServiceHookss:48 - Verify New Price and Book Feature is Passed
2020-06-14 22:50:47.000971 INFO  ServiceHookss:53 - Verify New Price and Book Feature ---------->has Passed
2020-06-14 22:50:47.000971 INFO  ServiceHookss:55 - ************Test Execution completed for Test:Verify New Price and Book Feature************

2020-06-14 22:50:47.000972 INFO  ServiceHookss:63 - ************Test Execution started:Notifications Alert only for iOS************

2020-06-14 22:50:48.000015 INFO  Onboarding:143 - No Alert forAndroid
2020-06-14 22:50:51.000704 INFO  ServiceHookss:48 - Notifications Alert only for iOS is Passed
2020-06-14 22:50:51.000706 INFO  ServiceHookss:53 - Notifications Alert only for iOS ---------->has Passed
2020-06-14 22:50:51.000707 INFO  ServiceHookss:55 - ************Test Execution completed for Test:Notifications Alert only for iOS************

2020-06-14 22:50:51.000708 INFO  ServiceHookss:63 - ************Test Execution started:Verify Start Tracking************

2020-06-14 22:50:51.000867 INFO  BaseDeviceElement:60 - User found  element in screen is available : true
2020-06-14 22:50:51.000989 INFO  BaseDeviceElement:60 - User found  element in screen is available : true
2020-06-14 22:50:55.000650 INFO  ServiceHookss:48 - Verify Start Tracking is Passed
2020-06-14 22:50:55.000653 INFO  ServiceHookss:53 - Verify Start Tracking ---------->has Passed
2020-06-14 22:50:55.000653 INFO  ServiceHookss:55 - ************Test Execution completed for Test:Verify Start Tracking************

2020-06-14 22:50:55.000654 INFO  ServiceHookss:63 - ************Test Execution started:Verify Action Bar With Icons************

2020-06-14 22:50:56.000324 INFO  BaseDeviceElement:60 - User found  element in screen is available : true
2020-06-14 22:50:56.000906 INFO  BaseDeviceElement:60 - User found  element in screen is available : true
2020-06-14 22:50:57.000294 INFO  BaseDeviceElement:60 - User found  element in screen is available : true
2020-06-14 22:50:57.000905 INFO  BaseDeviceElement:60 - User found  element in screen is available : true
2020-06-14 22:50:58.000243 INFO  BaseDeviceElement:60 - User found  element in screen is available : true
2020-06-14 22:51:01.000915 INFO  ServiceHookss:48 - Verify Action Bar With Icons is Passed
2020-06-14 22:51:01.000918 INFO  ServiceHookss:53 - Verify Action Bar With Icons ---------->has Passed
2020-06-14 22:51:01.000918 INFO  ServiceHookss:55 - ************Test Execution completed for Test:Verify Action Bar With Icons************

2020-06-14 22:51:01.000920 INFO  ServiceHookss:63 - ************Test Execution started:Navigate to Schedules Tab Bar************

2020-06-14 22:51:02.000308 INFO  BaseDeviceElement:72 - User Tap MobileElement is  : Located by By.chained({By.xpath: //android.support.v7.app.ActionBar.ǃ[@content-desc='Schedules']})
2020-06-14 22:51:03.000912 INFO  BaseDeviceElement:60 - User found  element in screen is available : true
2020-06-14 22:51:04.000662 INFO  BaseDeviceElement:48 - User found text in screen is available : Schedules
2020-06-14 22:51:04.000784 INFO  BaseDeviceElement:60 - User found  element in screen is available : true
2020-06-14 22:51:04.000919 INFO  BaseDeviceElement:60 - User found  element in screen is available : true
2020-06-14 22:51:06.000117 INFO  ServiceHookss:48 - Navigate to Schedules Tab Bar is Passed
2020-06-14 22:51:06.000118 INFO  ServiceHookss:53 - Navigate to Schedules Tab Bar ---------->has Passed
2020-06-14 22:51:06.000118 INFO  ServiceHookss:55 - ************Test Execution completed for Test:Navigate to Schedules Tab Bar************

2020-06-14 22:51:06.000118 INFO  ServiceHookss:63 - ************Test Execution started:Verify theree Slots for Schedules************

2020-06-14 22:51:07.000055 INFO  BaseDeviceElement:48 - User found text in screen is available : Point-to-Point
2020-06-14 22:51:07.000817 INFO  BaseDeviceElement:48 - User found text in screen is available : Port Calls
2020-06-14 22:51:08.000424 INFO  BaseDeviceElement:48 - User found text in screen is available : Vessels
2020-06-14 22:51:09.000110 INFO  BaseDeviceElement:54 - User found Selected Item Automatically in screen is available : true
2020-06-14 22:51:10.000316 INFO  ServiceHookss:48 - Verify theree Slots for Schedules is Passed
2020-06-14 22:51:10.000317 INFO  ServiceHookss:53 - Verify theree Slots for Schedules ---------->has Passed
2020-06-14 22:51:10.000317 INFO  ServiceHookss:55 - ************Test Execution completed for Test:Verify theree Slots for Schedules************

2020-06-14 22:51:10.000318 INFO  ServiceHookss:63 - ************Test Execution started:Verify -User install app first- Previous search should be disable.************

2020-06-14 22:51:15.000952 INFO  BaseDeviceElement:60 - User found  element in screen is available : true
2020-06-14 22:51:16.000128 INFO  BaseDeviceElement:48 - User found text in screen is available : Search for schedules
2020-06-14 22:51:17.000353 INFO  ServiceHookss:48 - Verify -User install app first- Previous search should be disable. is Passed
2020-06-14 22:51:17.000354 INFO  ServiceHookss:53 - Verify -User install app first- Previous search should be disable. ---------->has Passed
2020-06-14 22:51:17.000354 INFO  ServiceHookss:55 - ************Test Execution completed for Test:Verify -User install app first- Previous search should be disable.************

2020-06-14 22:51:17.000355 INFO  ServiceHookss:63 - ************Test Execution started:Verify Without Selecting From and to Search Button is disable************

2020-06-14 22:51:18.000643 INFO  BaseDeviceElement:54 - User found Selected Item Automatically in screen is available : true
2020-06-14 22:51:19.000849 INFO  ServiceHookss:48 - Verify Without Selecting From and to Search Button is disable is Passed
2020-06-14 22:51:19.000850 INFO  ServiceHookss:53 - Verify Without Selecting From and to Search Button is disable ---------->has Passed
2020-06-14 22:51:19.000850 INFO  ServiceHookss:55 - ************Test Execution completed for Test:Verify Without Selecting From and to Search Button is disable************

2020-06-14 22:51:19.000851 INFO  ServiceHookss:63 - ************Test Execution started:Verify-Validation-label:From (City, Country/Region)************

2020-06-14 22:51:20.000068 INFO  BaseDeviceElement:48 - User found text in screen is available : From(City, Country/Region)
2020-06-14 22:51:20.000201 INFO  BaseDeviceElement:48 - User found text in screen is available : City, Country/Region
2020-06-14 22:51:20.000331 INFO  BaseDeviceElement:60 - User found  element in screen is available : true
2020-06-14 22:51:21.000580 INFO  ServiceHookss:48 - Verify-Validation-label:From (City, Country/Region) is Passed
2020-06-14 22:51:21.000581 INFO  ServiceHookss:53 - Verify-Validation-label:From (City, Country/Region) ---------->has Passed
2020-06-14 22:51:21.000582 INFO  ServiceHookss:55 - ************Test Execution completed for Test:Verify-Validation-label:From (City, Country/Region)************

2020-06-14 22:51:21.000582 INFO  ServiceHookss:63 - ************Test Execution started:Verify Haulage under From City Country/Region Textfield************

2020-06-14 22:51:21.000978 INFO  BaseDeviceElement:48 - User found text in screen is available : Haulage
2020-06-14 22:51:22.000064 INFO  BaseDeviceElement:85 - User found text in screen is available : MerchantCY
2020-06-14 22:51:22.000156 INFO  BaseDeviceElement:60 - User found  element in screen is available : true
2020-06-14 22:51:22.000238 INFO  BaseDeviceElement:85 - User found text in screen is available : CarrierSD
2020-06-14 22:51:22.000320 INFO  BaseDeviceElement:60 - User found  element in screen is available : true
2020-06-14 22:51:22.000414 INFO  BaseDeviceElement:72 - User Tap MobileElement is  : Located by By.chained({By.id: com.maersk.trackandtrace.maerskline:id/point_to_point_from_haulage_carrier})
2020-06-14 22:51:23.000116 INFO  BaseDeviceElement:60 - User found  element in screen is available : true
2020-06-14 22:51:23.000254 INFO  BaseDeviceElement:72 - User Tap MobileElement is  : Located by By.chained({By.id: com.maersk.trackandtrace.maerskline:id/point_to_point_from_haulage_merchant})
2020-06-14 22:51:23.000986 INFO  BaseDeviceElement:60 - User found  element in screen is available : true
2020-06-14 22:51:25.000266 INFO  ServiceHookss:48 - Verify Haulage under From City Country/Region Textfield is Passed
2020-06-14 22:51:25.000267 INFO  ServiceHookss:53 - Verify Haulage under From City Country/Region Textfield ---------->has Passed
2020-06-14 22:51:25.000267 INFO  ServiceHookss:55 - ************Test Execution completed for Test:Verify Haulage under From City Country/Region Textfield************

2020-06-14 22:51:25.000268 INFO  ServiceHookss:63 - ************Test Execution started:Verify-Validation-label:To (City, Country/Region)************

2020-06-14 22:51:25.000443 INFO  BaseDeviceElement:48 - User found text in screen is available : To(City, Country/Region)
2020-06-14 22:51:25.000525 INFO  BaseDeviceElement:48 - User found text in screen is available : City, Country/Region
2020-06-14 22:51:25.000609 INFO  BaseDeviceElement:60 - User found  element in screen is available : true
2020-06-14 22:51:26.000809 INFO  ServiceHookss:48 - Verify-Validation-label:To (City, Country/Region) is Passed
2020-06-14 22:51:26.000810 INFO  ServiceHookss:53 - Verify-Validation-label:To (City, Country/Region) ---------->has Passed
2020-06-14 22:51:26.000810 INFO  ServiceHookss:55 - ************Test Execution completed for Test:Verify-Validation-label:To (City, Country/Region)************

2020-06-14 22:51:26.000811 INFO  ServiceHookss:63 - ************Test Execution started:Verify Haulage under To City Country/Region Textfield************

2020-06-14 22:51:27.000494 INFO  BaseDeviceElement:48 - User found text in screen is available : Haulage
2020-06-14 22:51:27.000593 INFO  BaseDeviceElement:85 - User found text in screen is available : MerchantCY
2020-06-14 22:51:27.000745 INFO  BaseDeviceElement:60 - User found  element in screen is available : true
2020-06-14 22:51:27.000866 INFO  BaseDeviceElement:85 - User found text in screen is available : CarrierSD
2020-06-14 22:51:28.000021 INFO  BaseDeviceElement:60 - User found  element in screen is available : true
2020-06-14 22:51:28.000196 INFO  BaseDeviceElement:72 - User Tap MobileElement is  : Located by By.chained({By.id: com.maersk.trackandtrace.maerskline:id/point_to_point_from_haulage_carrier})
2020-06-14 22:51:28.000892 INFO  BaseDeviceElement:60 - User found  element in screen is available : true
2020-06-14 22:51:29.000066 INFO  BaseDeviceElement:72 - User Tap MobileElement is  : Located by By.chained({By.id: com.maersk.trackandtrace.maerskline:id/point_to_point_from_haulage_merchant})
2020-06-14 22:51:29.000756 INFO  BaseDeviceElement:60 - User found  element in screen is available : true
2020-06-14 22:51:30.000975 INFO  ServiceHookss:48 - Verify Haulage under To City Country/Region Textfield is Passed
2020-06-14 22:51:30.000977 INFO  ServiceHookss:53 - Verify Haulage under To City Country/Region Textfield ---------->has Passed
2020-06-14 22:51:30.000977 INFO  ServiceHookss:55 - ************Test Execution completed for Test:Verify Haulage under To City Country/Region Textfield************

2020-06-14 22:51:30.000977 INFO  ServiceHookss:63 - ************Test Execution started:Verify Advanced Search with icon chevron Down************

2020-06-14 22:51:31.000957 INFO  BaseDeviceElement:60 - User found  element in screen is available : true
2020-06-14 22:51:32.000063 INFO  BaseDeviceElement:60 - User found  element in screen is available : true
2020-06-14 22:51:32.000179 INFO  BaseDeviceElement:72 - User Tap MobileElement is  : Located by By.chained({By.id: com.maersk.trackandtrace.maerskline:id/advances_search_chevron})
2020-06-14 22:51:33.000032 INFO  BaseDeviceElement:60 - User found  element in screen is available : true
2020-06-14 22:51:33.000168 INFO  BaseDeviceElement:60 - User found  element in screen is available : true
2020-06-14 22:51:34.000511 INFO  BaseDeviceElement:132 - Swipe Up completed
2020-06-14 22:51:35.000714 INFO  ServiceHookss:48 - Verify Advanced Search with icon chevron Down is Passed
2020-06-14 22:51:35.000716 INFO  ServiceHookss:53 - Verify Advanced Search with icon chevron Down ---------->has Passed
2020-06-14 22:51:35.000716 INFO  ServiceHookss:55 - ************Test Execution completed for Test:Verify Advanced Search with icon chevron Down************

2020-06-14 22:51:35.000716 INFO  ServiceHookss:63 - ************Test Execution started:Verify Date Under Adavance Search************

2020-06-14 22:51:36.000046 INFO  BaseDeviceElement:48 - User found text in screen is available : Date
2020-06-14 22:51:36.000210 INFO  BaseDeviceElement:85 - User found text in screen is available : EarliestDeparture
2020-06-14 22:51:36.000325 INFO  BaseDeviceElement:60 - User found  element in screen is available : true
2020-06-14 22:51:36.000417 INFO  BaseDeviceElement:85 - User found text in screen is available : LatestArrival
2020-06-14 22:51:36.000966 INFO  BaseDeviceElement:60 - User found  element in screen is available : true
2020-06-14 22:51:38.000181 INFO  ServiceHookss:48 - Verify Date Under Adavance Search is Passed
2020-06-14 22:51:38.000182 INFO  ServiceHookss:53 - Verify Date Under Adavance Search ---------->has Passed
2020-06-14 22:51:38.000183 INFO  ServiceHookss:55 - ************Test Execution completed for Test:Verify Date Under Adavance Search************

2020-06-14 22:51:38.000183 INFO  ServiceHookss:63 - ************Test Execution started:Select Month-Date-Year in Calender************

2020-06-14 22:51:38.000369 INFO  BaseDeviceElement:72 - User Tap MobileElement is  : Located by By.chained({By.id: com.maersk.trackandtrace.maerskline:id/date_field})
2020-06-14 22:51:41.000968 INFO  BaseDeviceElement:72 - User Tap MobileElement is  : [[io.appium.java_client.android.AndroidDriver, Capabilities: {INSTALL_GRANT_RUNTIME_PERMISSIONS=true, acceptSslCerts=true, app=/Users/chirumamillabhargav/Downloads/MaerskApps/apps/android/app-centrepoint-release.apk, appActivity=com.landmarkgroupreactapps.MainActivity, appPackage=com.landmarkgroup.centrepointstores, autoWebView=true, automationName=UiAutomator2, databaseEnabled=false, desired={app=/Users/chirumamillabhargav/Downloads/MaerskApps/apps/android/app-centrepoint-release.apk, autoWebView=true, unhandledPromptBehavior=true, deviceName=Samsung S8, fullReset=true, appActivity=com.landmarkgroupreactapps.MainActivity, webContentsDebuggingEnabled=true, acceptSslCerts=true, newCommandTimeout=3600, INSTALL_GRANT_RUNTIME_PERMISSIONS=true, automationName=UiAutomator2, platformName=android, udid=1dd020ae0205, unexpectedAlertBehaviour=true}, deviceApiLevel=27, deviceManufacturer=Xiaomi, deviceModel=Redmi Note 5, deviceName=1dd020ae0205, deviceScreenDensity=440, deviceScreenSize=1080x2160, deviceUDID=1dd020ae0205, fullReset=true, javascriptEnabled=true, locationContextEnabled=false, networkConnectionEnabled=true, newCommandTimeout=3600, pixelRatio=2.75, platform=LINUX, platformName=LINUX, platformVersion=8.1.0, statBarHeight=76, takesScreenshot=true, udid=1dd020ae0205, unexpectedAlertBehaviour=true, unhandledPromptBehavior=true, viewportRect={top=76, left=0, width=1080, height=1954}, warnings={}, webContentsDebuggingEnabled=true, webStorageEnabled=false}] -> xpath: //android.view.View]
2020-06-14 22:51:42.000181 INFO  BaseDeviceElement:72 - User Tap MobileElement is  : Located by By.chained({By.id: android:id/button1})
2020-06-14 22:51:43.000452 INFO  ServiceHookss:48 - Select Month-Date-Year in Calender is Passed
2020-06-14 22:51:43.000453 INFO  ServiceHookss:53 - Select Month-Date-Year in Calender ---------->has Passed
2020-06-14 22:51:43.000453 INFO  ServiceHookss:55 - ************Test Execution completed for Test:Select Month-Date-Year in Calender************

2020-06-14 22:51:43.000454 INFO  ServiceHookss:63 - ************Test Execution started:Upto 2 Weeks after selected date************

2020-06-14 22:51:44.000071 INFO  BaseDeviceElement:48 - User found text in screen is available : 2
2020-06-14 22:51:44.000228 INFO  BaseDeviceElement:48 - User found text in screen is available : 4
2020-06-14 22:51:44.000378 INFO  BaseDeviceElement:48 - User found text in screen is available : 6
2020-06-14 22:51:44.000980 INFO  BaseDeviceElement:48 - User found text in screen is available : 8
2020-06-14 22:51:45.000146 INFO  BaseDeviceElement:72 - User Tap MobileElement is  : Located by By.chained({By.id: com.maersk.trackandtrace.maerskline:id/point_to_point_weeks_two})
2020-06-14 22:51:46.000071 INFO  BaseDeviceElement:54 - User found Selected Item Automatically in screen is available : true
2020-06-14 22:51:47.000269 INFO  ServiceHookss:48 - Upto 2 Weeks after selected date is Passed
2020-06-14 22:51:47.000270 INFO  ServiceHookss:53 - Upto 2 Weeks after selected date ---------->has Passed
2020-06-14 22:51:47.000270 INFO  ServiceHookss:55 - ************Test Execution completed for Test:Upto 2 Weeks after selected date************

2020-06-14 22:51:47.000271 INFO  ServiceHookss:63 - ************Test Execution started:Verify Container Type************

2020-06-14 22:51:47.000983 INFO  BaseDeviceElement:48 - User found text in screen is available : Container type
2020-06-14 22:51:48.000134 INFO  BaseDeviceElement:48 - User found text in screen is available : 40' Dry Standard
2020-06-14 22:51:49.000346 INFO  ServiceHookss:48 - Verify Container Type is Passed
2020-06-14 22:51:49.000347 INFO  ServiceHookss:53 - Verify Container Type ---------->has Passed
2020-06-14 22:51:49.000347 INFO  ServiceHookss:55 - ************Test Execution completed for Test:Verify Container Type************

2020-06-14 22:51:49.000348 INFO  ServiceHookss:63 - ************Test Execution started:Change  Container Type************

2020-06-14 22:51:50.000012 INFO  BaseDeviceElement:72 - User Tap MobileElement is  : Located by By.chained({By.id: com.maersk.trackandtrace.maerskline:id/point_to_point_container})
2020-06-14 22:51:51.000602 INFO  BaseDeviceElement:48 - User found text in screen is available : Container type
2020-06-14 22:51:52.000371 INFO  BaseDeviceElement:72 - User Tap MobileElement is  : Located by By.chained({By.xpath: //android.support.v7.app.ActionBar.ǃ[@content-desc='All']/android.widget.FrameLayout/android.widget.TextView})
2020-06-14 22:51:53.000398 INFO  BaseDeviceElement:48 - User found text in screen is available : All
2020-06-14 22:51:53.000954 INFO  BaseDeviceElement:48 - User found text in screen is available : Temperature controlled
2020-06-14 22:51:55.000297 INFO  ServiceHookss:48 - Change  Container Type is Passed
2020-06-14 22:51:55.000298 INFO  ServiceHookss:53 - Change  Container Type ---------->has Passed
2020-06-14 22:51:55.000299 INFO  ServiceHookss:55 - ************Test Execution completed for Test:Change  Container Type************

2020-06-14 22:51:55.000299 INFO  ServiceHookss:63 - ************Test Execution started:Verify All type of Container************

2020-06-14 22:51:56.000001 INFO  BaseDeviceElement:60 - User found  element in screen is available : true
2020-06-14 22:51:56.000127 INFO  BaseDeviceElement:60 - User found  element in screen is available : true
2020-06-14 22:51:56.000255 INFO  BaseDeviceElement:60 - User found  element in screen is available : true
2020-06-14 22:51:56.000398 INFO  BaseDeviceElement:60 - User found  element in screen is available : true
2020-06-14 22:51:56.000510 INFO  BaseDeviceElement:60 - User found  element in screen is available : true
2020-06-14 22:51:56.000623 INFO  BaseDeviceElement:60 - User found  element in screen is available : true
2020-06-14 22:51:56.000747 INFO  BaseDeviceElement:60 - User found  element in screen is available : true
2020-06-14 22:51:56.000848 INFO  BaseDeviceElement:60 - User found  element in screen is available : true
2020-06-14 22:51:56.000968 INFO  BaseDeviceElement:60 - User found  element in screen is available : true
2020-06-14 22:51:57.000121 INFO  BaseDeviceElement:60 - User found  element in screen is available : true
2020-06-14 22:51:57.000259 INFO  BaseDeviceElement:60 - User found  element in screen is available : true
2020-06-14 22:51:57.000394 INFO  BaseDeviceElement:60 - User found  element in screen is available : true
2020-06-14 22:51:58.000004 INFO  BaseDeviceElement:60 - User found  element in screen is available : true
2020-06-14 22:51:58.000151 INFO  BaseDeviceElement:60 - User found  element in screen is available : true
2020-06-14 22:51:58.000254 INFO  BaseDeviceElement:60 - User found  element in screen is available : true
2020-06-14 22:51:58.000384 INFO  BaseDeviceElement:60 - User found  element in screen is available : true
2020-06-14 22:51:59.000732 INFO  BaseDeviceElement:132 - Swipe Up completed
2020-06-14 22:52:00.000134 INFO  BaseDeviceElement:60 - User found  element in screen is available : true
2020-06-14 22:52:00.000248 INFO  BaseDeviceElement:60 - User found  element in screen is available : true
2020-06-14 22:52:00.000352 INFO  BaseDeviceElement:60 - User found  element in screen is available : true
2020-06-14 22:52:00.000474 INFO  BaseDeviceElement:60 - User found  element in screen is available : true
2020-06-14 22:52:00.000576 INFO  BaseDeviceElement:60 - User found  element in screen is available : true
2020-06-14 22:52:00.000699 INFO  BaseDeviceElement:60 - User found  element in screen is available : true
2020-06-14 22:52:00.000793 INFO  BaseDeviceElement:48 - User found text in screen is available : For non standard shipments please contact your local office.
2020-06-14 22:52:00.000834 INFO  BaseDeviceElement:158 - About to do swipe
2020-06-14 22:52:02.000099 INFO  BaseDeviceElement:171 - Swipe  Down completed
2020-06-14 22:52:02.000099 INFO  BaseDeviceElement:158 - About to do swipe
2020-06-14 22:52:03.000380 INFO  BaseDeviceElement:171 - Swipe  Down completed
2020-06-14 22:52:04.000644 INFO  ServiceHookss:48 - Verify All type of Container is Passed
2020-06-14 22:52:04.000646 INFO  ServiceHookss:53 - Verify All type of Container ---------->has Passed
2020-06-14 22:52:04.000646 INFO  ServiceHookss:55 - ************Test Execution completed for Test:Verify All type of Container************

2020-06-14 22:52:04.000647 INFO  ServiceHookss:63 - ************Test Execution started:Verify Temperature Controlled************

2020-06-14 22:52:06.000043 INFO  BaseDeviceElement:72 - User Tap MobileElement is  : Located by By.chained({By.xpath: //android.support.v7.app.ActionBar.ǃ[@content-desc='Temperature controlled']//android.widget.TextView})
2020-06-14 22:52:07.000428 INFO  BaseDeviceElement:48 - User found text in screen is available : Container type
2020-06-14 22:52:07.000527 INFO  BaseDeviceElement:60 - User found  element in screen is available : true
2020-06-14 22:52:07.000639 INFO  BaseDeviceElement:60 - User found  element in screen is available : true
2020-06-14 22:52:07.000747 INFO  BaseDeviceElement:60 - User found  element in screen is available : true
2020-06-14 22:52:07.000861 INFO  BaseDeviceElement:60 - User found  element in screen is available : true
2020-06-14 22:52:07.000977 INFO  BaseDeviceElement:72 - User Tap MobileElement is  : [[io.appium.java_client.android.AndroidDriver, Capabilities: {INSTALL_GRANT_RUNTIME_PERMISSIONS=true, acceptSslCerts=true, app=/Users/chirumamillabhargav/Downloads/MaerskApps/apps/android/app-centrepoint-release.apk, appActivity=com.landmarkgroupreactapps.MainActivity, appPackage=com.landmarkgroup.centrepointstores, autoWebView=true, automationName=UiAutomator2, databaseEnabled=false, desired={app=/Users/chirumamillabhargav/Downloads/MaerskApps/apps/android/app-centrepoint-release.apk, autoWebView=true, unhandledPromptBehavior=true, deviceName=Samsung S8, fullReset=true, appActivity=com.landmarkgroupreactapps.MainActivity, webContentsDebuggingEnabled=true, acceptSslCerts=true, newCommandTimeout=3600, INSTALL_GRANT_RUNTIME_PERMISSIONS=true, automationName=UiAutomator2, platformName=android, udid=1dd020ae0205, unexpectedAlertBehaviour=true}, deviceApiLevel=27, deviceManufacturer=Xiaomi, deviceModel=Redmi Note 5, deviceName=1dd020ae0205, deviceScreenDensity=440, deviceScreenSize=1080x2160, deviceUDID=1dd020ae0205, fullReset=true, javascriptEnabled=true, locationContextEnabled=false, networkConnectionEnabled=true, newCommandTimeout=3600, pixelRatio=2.75, platform=LINUX, platformName=LINUX, platformVersion=8.1.0, statBarHeight=76, takesScreenshot=true, udid=1dd020ae0205, unexpectedAlertBehaviour=true, unhandledPromptBehavior=true, viewportRect={top=76, left=0, width=1080, height=1954}, warnings={}, webContentsDebuggingEnabled=true, webStorageEnabled=false}] -> id: com.maersk.trackandtrace.maerskline:id/container]
2020-06-14 22:52:09.000105 INFO  BaseDeviceElement:48 - User found text in screen is available : 40' Reefer High
2020-06-14 22:52:09.000795 INFO  BaseDeviceElement:48 - User found text in screen is available : Schedules
2020-06-14 22:52:10.000990 INFO  ServiceHookss:48 - Verify Temperature Controlled is Passed
2020-06-14 22:52:10.000991 INFO  ServiceHookss:53 - Verify Temperature Controlled ---------->has Passed
2020-06-14 22:52:10.000991 INFO  ServiceHookss:55 - ************Test Execution completed for Test:Verify Temperature Controlled************

2020-06-14 22:52:10.000991 INFO  ServiceHookss:63 - ************Test Execution started:Change Container type for Regular Sized Cargo Under All Type Container************

2020-06-14 22:52:11.000195 INFO  BaseDeviceElement:72 - User Tap MobileElement is  : Located by By.chained({By.id: com.maersk.trackandtrace.maerskline:id/point_to_point_container})
2020-06-14 22:52:12.000420 INFO  BaseDeviceElement:48 - User found text in screen is available : Container type
2020-06-14 22:52:13.000057 INFO  BaseDeviceElement:72 - User Tap MobileElement is  : Located by By.chained({By.xpath: //android.support.v7.app.ActionBar.ǃ[@content-desc='All']/android.widget.FrameLayout/android.widget.TextView})
2020-06-14 22:52:15.000036 INFO  BaseDeviceElement:48 - User found text in screen is available : All
2020-06-14 22:52:15.000183 INFO  BaseDeviceElement:72 - User Tap MobileElement is  : [[io.appium.java_client.android.AndroidDriver, Capabilities: {INSTALL_GRANT_RUNTIME_PERMISSIONS=true, acceptSslCerts=true, app=/Users/chirumamillabhargav/Downloads/MaerskApps/apps/android/app-centrepoint-release.apk, appActivity=com.landmarkgroupreactapps.MainActivity, appPackage=com.landmarkgroup.centrepointstores, autoWebView=true, automationName=UiAutomator2, databaseEnabled=false, desired={app=/Users/chirumamillabhargav/Downloads/MaerskApps/apps/android/app-centrepoint-release.apk, autoWebView=true, unhandledPromptBehavior=true, deviceName=Samsung S8, fullReset=true, appActivity=com.landmarkgroupreactapps.MainActivity, webContentsDebuggingEnabled=true, acceptSslCerts=true, newCommandTimeout=3600, INSTALL_GRANT_RUNTIME_PERMISSIONS=true, automationName=UiAutomator2, platformName=android, udid=1dd020ae0205, unexpectedAlertBehaviour=true}, deviceApiLevel=27, deviceManufacturer=Xiaomi, deviceModel=Redmi Note 5, deviceName=1dd020ae0205, deviceScreenDensity=440, deviceScreenSize=1080x2160, deviceUDID=1dd020ae0205, fullReset=true, javascriptEnabled=true, locationContextEnabled=false, networkConnectionEnabled=true, newCommandTimeout=3600, pixelRatio=2.75, platform=LINUX, platformName=LINUX, platformVersion=8.1.0, statBarHeight=76, takesScreenshot=true, udid=1dd020ae0205, unexpectedAlertBehaviour=true, unhandledPromptBehavior=true, viewportRect={top=76, left=0, width=1080, height=1954}, warnings={}, webContentsDebuggingEnabled=true, webStorageEnabled=false}] -> id: com.maersk.trackandtrace.maerskline:id/container]
2020-06-14 22:52:16.000119 INFO  BaseDeviceElement:48 - User found text in screen is available : 20' Dry Standard
2020-06-14 22:52:17.000039 INFO  BaseDeviceElement:48 - User found text in screen is available : Schedules
2020-06-14 22:52:18.000244 INFO  ServiceHookss:48 - Change Container type for Regular Sized Cargo Under All Type Container is Passed
2020-06-14 22:52:18.000246 INFO  ServiceHookss:53 - Change Container type for Regular Sized Cargo Under All Type Container ---------->has Passed
2020-06-14 22:52:18.000246 INFO  ServiceHookss:55 - ************Test Execution completed for Test:Change Container type for Regular Sized Cargo Under All Type Container************

2020-06-14 22:52:18.000247 INFO  ServiceHookss:63 - ************Test Execution started:Select From City, Country/Region************

2020-06-14 22:52:18.000293 INFO  BaseDeviceElement:158 - About to do swipe
2020-06-14 22:52:19.000580 INFO  BaseDeviceElement:171 - Swipe  Down completed
2020-06-14 22:52:19.000580 INFO  BaseDeviceElement:158 - About to do swipe
2020-06-14 22:52:20.000847 INFO  BaseDeviceElement:171 - Swipe  Down completed
2020-06-14 22:52:21.000143 INFO  BaseDeviceElement:72 - User Tap MobileElement is  : Located by By.chained({By.id: com.maersk.trackandtrace.maerskline:id/point_to_point_from})
2020-06-14 22:52:22.000049 INFO  BaseDeviceElement:48 - User found text in screen is available : Search From
2020-06-14 22:52:22.000118 INFO  BaseDeviceElement:60 - User found  element in screen is available : true
2020-06-14 22:52:22.000202 INFO  BaseDeviceElement:48 - User found text in screen is available : Search for a departure city
2020-06-14 22:52:27.000661 INFO  BaseDeviceElement:598 - Cancel Button should not be there in Android Platfrom
2020-06-14 22:52:27.000662 INFO  SchedulesTab:445 - Already User in search bar not requried for Android
2020-06-14 22:52:27.000763 INFO  BaseDeviceElement:60 - User found  element in screen is available : true
2020-06-14 22:52:34.000325 INFO  ServiceHookss:48 - Select From City, Country/Region is Passed
2020-06-14 22:52:34.000325 INFO  ServiceHookss:53 - Select From City, Country/Region ---------->has Passed
2020-06-14 22:52:34.000326 INFO  ServiceHookss:55 - ************Test Execution completed for Test:Select From City, Country/Region************

2020-06-14 22:52:34.000328 INFO  ServiceHookss:63 - ************Test Execution started:Type any city half of word and Verify************

2020-06-14 22:52:34.000509 INFO  BaseDeviceElement:91 - User Clear Text Box With Tip is  : Located by By.chained({By.id: com.maersk.trackandtrace.maerskline:id/search})
2020-06-14 22:52:37.000163 INFO  ServiceHookss:48 - Type any city half of word and Verify is Passed
2020-06-14 22:52:37.000164 INFO  ServiceHookss:53 - Type any city half of word and Verify ---------->has Passed
2020-06-14 22:52:37.000164 INFO  ServiceHookss:55 - ************Test Execution completed for Test:Type any city half of word and Verify************

2020-06-14 22:52:37.000165 INFO  ServiceHookss:63 - ************Test Execution started:Verify Validation message Please enter 3 or more characters************

2020-06-14 22:52:43.000449 INFO  ServiceHookss:40 - Verify Validation message Please enter 3 or more characters is Failed
2020-06-14 22:52:43.000451 ERROR ServiceHookss:45 - ~~~~~~~~~~~~~~~~~~~~~~~~~~~~~~~~~~~~~~~~~~~~~~~~~Verify Validation message Please enter 3 or more characters has Failed ~~~~~~~~~~~~~~~~~~~~~~~~~~~~
2020-06-14 22:52:43.000451 INFO  ServiceHookss:55 - ************Test Execution completed for Test:Verify Validation message Please enter 3 or more characters************

2020-06-14 22:52:43.000451 INFO  ServiceHookss:63 - ************Test Execution started:Verify X icon************

2020-06-14 22:52:43.000559 INFO  BaseDeviceElement:60 - User found  element in screen is available : true
2020-06-14 22:52:44.000631 INFO  ServiceHookss:48 - Verify X icon is Passed
2020-06-14 22:52:44.000632 INFO  ServiceHookss:53 - Verify X icon ---------->has Passed
2020-06-14 22:52:44.000632 INFO  ServiceHookss:55 - ************Test Execution completed for Test:Verify X icon************

2020-06-14 22:52:44.000633 INFO  ServiceHookss:63 - ************Test Execution started:Type any city half of word and Verify************

2020-06-14 22:52:45.000170 INFO  BaseDeviceElement:91 - User Clear Text Box With Tip is  : Located by By.chained({By.id: com.maersk.trackandtrace.maerskline:id/search})
2020-06-14 22:52:47.000302 INFO  ServiceHookss:48 - Type any city half of word and Verify is Passed
2020-06-14 22:52:47.000303 INFO  ServiceHookss:53 - Type any city half of word and Verify ---------->has Passed
2020-06-14 22:52:47.000304 INFO  ServiceHookss:55 - ************Test Execution completed for Test:Type any city half of word and Verify************

2020-06-14 22:52:47.000304 INFO  ServiceHookss:63 - ************Test Execution started:Validation Message cities that match your Search************

2020-06-14 22:52:48.000160 INFO  BaseDeviceElement:48 - User found text in screen is available : There are no cities that match your search criteria. Please modify your search criteria and try again.
2020-06-14 22:52:49.000240 INFO  ServiceHookss:48 - Validation Message cities that match your Search is Passed
2020-06-14 22:52:49.000241 INFO  ServiceHookss:53 - Validation Message cities that match your Search ---------->has Passed
2020-06-14 22:52:49.000241 INFO  ServiceHookss:55 - ************Test Execution completed for Test:Validation Message cities that match your Search************

2020-06-14 22:52:49.000242 INFO  ServiceHookss:63 - ************Test Execution started:Search for Mumbai************

2020-06-14 22:52:49.000414 INFO  BaseDeviceElement:91 - User Clear Text Box With Tip is  : Located by By.chained({By.id: com.maersk.trackandtrace.maerskline:id/search})
2020-06-14 22:52:52.000200 INFO  ServiceHookss:48 - Search for Mumbai is Passed
2020-06-14 22:52:52.000201 INFO  ServiceHookss:53 - Search for Mumbai ---------->has Passed
2020-06-14 22:52:52.000201 INFO  ServiceHookss:55 - ************Test Execution completed for Test:Search for Mumbai************

2020-06-14 22:52:52.000201 INFO  ServiceHookss:63 - ************Test Execution started:Search Bar From (City,Country/Region) Section************

2020-06-14 22:52:52.000823 INFO  BaseDeviceElement:60 - User found  element in screen is available : true
2020-06-14 22:52:52.000912 INFO  BaseDeviceElement:60 - User found  element in screen is available : true
2020-06-14 22:52:53.000021 INFO  BaseDeviceElement:72 - User Tap MobileElement is  : Located by By.chained({By.id: com.maersk.trackandtrace.maerskline:id/text})
2020-06-14 22:52:53.000890 INFO  BaseDeviceElement:48 - User found text in screen is available : Schedules
2020-06-14 22:52:53.000981 INFO  BaseDeviceElement:48 - User found text in screen is available : Mumbai, MAHARASHTRA, India
2020-06-14 22:52:55.000195 INFO  ServiceHookss:48 - Search Bar From (City,Country/Region) Section is Passed
2020-06-14 22:52:55.000196 INFO  ServiceHookss:53 - Search Bar From (City,Country/Region) Section ---------->has Passed
2020-06-14 22:52:55.000196 INFO  ServiceHookss:55 - ************Test Execution completed for Test:Search Bar From (City,Country/Region) Section************

2020-06-14 22:52:55.000197 INFO  ServiceHookss:63 - ************Test Execution started:Select To City, Country/Region************

2020-06-14 22:52:55.000401 INFO  BaseDeviceElement:72 - User Tap MobileElement is  : Located by By.chained({By.id: com.maersk.trackandtrace.maerskline:id/point_to_point_to})
2020-06-14 22:52:56.000366 INFO  BaseDeviceElement:48 - User found text in screen is available : Search To
2020-06-14 22:52:56.000451 INFO  BaseDeviceElement:60 - User found  element in screen is available : true
2020-06-14 22:52:56.000554 INFO  BaseDeviceElement:48 - User found text in screen is available : Search for a destination city
2020-06-14 22:53:01.000647 INFO  BaseDeviceElement:598 - Cancel Button should not be there in Android Platfrom
2020-06-14 22:53:01.000648 INFO  SchedulesTab:445 - Already User in search bar not requried for Android
2020-06-14 22:53:02.000192 INFO  BaseDeviceElement:60 - User found  element in screen is available : true
2020-06-14 22:53:08.000367 INFO  ServiceHookss:48 - Select To City, Country/Region is Passed
2020-06-14 22:53:08.000368 INFO  ServiceHookss:53 - Select To City, Country/Region ---------->has Passed
2020-06-14 22:53:08.000368 INFO  ServiceHookss:55 - ************Test Execution completed for Test:Select To City, Country/Region************

2020-06-14 22:53:08.000370 INFO  ServiceHookss:63 - ************Test Execution started:Type any city half of word and Verify for TO(City,Country/Region) Section************

2020-06-14 22:53:08.000526 INFO  BaseDeviceElement:91 - User Clear Text Box With Tip is  : Located by By.chained({By.id: com.maersk.trackandtrace.maerskline:id/search})
2020-06-14 22:53:10.000327 INFO  ServiceHookss:48 - Type any city half of word and Verify for TO(City,Country/Region) Section is Passed
2020-06-14 22:53:10.000328 INFO  ServiceHookss:53 - Type any city half of word and Verify for TO(City,Country/Region) Section ---------->has Passed
2020-06-14 22:53:10.000328 INFO  ServiceHookss:55 - ************Test Execution completed for Test:Type any city half of word and Verify for TO(City,Country/Region) Section************

2020-06-14 22:53:10.000329 INFO  ServiceHookss:63 - ************Test Execution started:Verify : Validation message Please enter 3 or more characters Verify for TO(City,Country/Region) Section************

2020-06-14 22:53:17.000515 INFO  ServiceHookss:40 - Verify : Validation message Please enter 3 or more characters Verify for TO(City,Country/Region) Section is Failed
2020-06-14 22:53:17.000516 ERROR ServiceHookss:45 - ~~~~~~~~~~~~~~~~~~~~~~~~~~~~~~~~~~~~~~~~~~~~~~~~~Verify : Validation message Please enter 3 or more characters Verify for TO(City,Country/Region) Section has Failed ~~~~~~~~~~~~~~~~~~~~~~~~~~~~
2020-06-14 22:53:17.000517 INFO  ServiceHookss:55 - ************Test Execution completed for Test:Verify : Validation message Please enter 3 or more characters Verify for TO(City,Country/Region) Section************

2020-06-14 22:53:17.000517 INFO  ServiceHookss:63 - ************Test Execution started:Verify X icon Verify for TO(City,Country/Region) Section************

2020-06-14 22:53:17.000668 INFO  BaseDeviceElement:60 - User found  element in screen is available : true
2020-06-14 22:53:18.000721 INFO  ServiceHookss:48 - Verify X icon Verify for TO(City,Country/Region) Section is Passed
2020-06-14 22:53:18.000722 INFO  ServiceHookss:53 - Verify X icon Verify for TO(City,Country/Region) Section ---------->has Passed
2020-06-14 22:53:18.000722 INFO  ServiceHookss:55 - ************Test Execution completed for Test:Verify X icon Verify for TO(City,Country/Region) Section************

2020-06-14 22:53:18.000723 INFO  ServiceHookss:63 - ************Test Execution started:Type any city half of word and Verify for TO(City,Country/Region) Section************

2020-06-14 22:53:19.000253 INFO  BaseDeviceElement:91 - User Clear Text Box With Tip is  : Located by By.chained({By.id: com.maersk.trackandtrace.maerskline:id/search})
2020-06-14 22:53:21.000054 INFO  ServiceHookss:48 - Type any city half of word and Verify for TO(City,Country/Region) Section is Passed
2020-06-14 22:53:21.000055 INFO  ServiceHookss:53 - Type any city half of word and Verify for TO(City,Country/Region) Section ---------->has Passed
2020-06-14 22:53:21.000055 INFO  ServiceHookss:55 - ************Test Execution completed for Test:Type any city half of word and Verify for TO(City,Country/Region) Section************

2020-06-14 22:53:21.000056 INFO  ServiceHookss:63 - ************Test Execution started:Validation Message cities that match your Search Verify for TO(City,Country/Region) Section************

2020-06-14 22:53:21.000834 INFO  BaseDeviceElement:48 - User found text in screen is available : There are no cities that match your search criteria. Please modify your search criteria and try again.
2020-06-14 22:53:22.000911 INFO  ServiceHookss:48 - Validation Message cities that match your Search Verify for TO(City,Country/Region) Section is Passed
2020-06-14 22:53:22.000912 INFO  ServiceHookss:53 - Validation Message cities that match your Search Verify for TO(City,Country/Region) Section ---------->has Passed
2020-06-14 22:53:22.000912 INFO  ServiceHookss:55 - ************Test Execution completed for Test:Validation Message cities that match your Search Verify for TO(City,Country/Region) Section************

2020-06-14 22:53:22.000913 INFO  ServiceHookss:63 - ************Test Execution started:Search for Guntur************

2020-06-14 22:53:23.000071 INFO  BaseDeviceElement:91 - User Clear Text Box With Tip is  : Located by By.chained({By.id: com.maersk.trackandtrace.maerskline:id/search})
2020-06-14 22:53:25.000282 INFO  ServiceHookss:48 - Search for Guntur is Passed
2020-06-14 22:53:25.000283 INFO  ServiceHookss:53 - Search for Guntur ---------->has Passed
2020-06-14 22:53:25.000283 INFO  ServiceHookss:55 - ************Test Execution completed for Test:Search for Guntur************

2020-06-14 22:53:25.000284 INFO  ServiceHookss:63 - ************Test Execution started:Search Bar Section for TO(City,Country/Region) Section************

2020-06-14 22:53:25.000670 INFO  BaseDeviceElement:60 - User found  element in screen is available : true
2020-06-14 22:53:25.000767 INFO  BaseDeviceElement:60 - User found  element in screen is available : true
2020-06-14 22:53:25.000888 INFO  BaseDeviceElement:72 - User Tap MobileElement is  : Located by By.chained({By.id: com.maersk.trackandtrace.maerskline:id/text})
2020-06-14 22:53:26.000696 INFO  BaseDeviceElement:48 - User found text in screen is available : Schedules
2020-06-14 22:53:26.000790 INFO  BaseDeviceElement:48 - User found text in screen is available : Guntur, Andhra Pradesh, India
2020-06-14 22:53:28.000012 INFO  ServiceHookss:48 - Search Bar Section for TO(City,Country/Region) Section is Passed
2020-06-14 22:53:28.000014 INFO  ServiceHookss:53 - Search Bar Section for TO(City,Country/Region) Section ---------->has Passed
2020-06-14 22:53:28.000014 INFO  ServiceHookss:55 - ************Test Execution completed for Test:Search Bar Section for TO(City,Country/Region) Section************

2020-06-14 22:53:28.000014 INFO  ServiceHookss:63 - ************Test Execution started:Tap Search after selecting From and To (City,Country/Region) Section************

2020-06-14 22:53:29.000346 INFO  BaseDeviceElement:132 - Swipe Up completed
2020-06-14 22:53:30.000193 INFO  BaseDeviceElement:54 - User found Selected Item Automatically in screen is available : true
2020-06-14 22:53:30.000322 INFO  BaseDeviceElement:72 - User Tap MobileElement is  : Located by By.chained({By.id: com.maersk.trackandtrace.maerskline:id/point_to_point_search})
2020-06-14 22:53:31.000498 INFO  ServiceHookss:48 - Tap Search after selecting From and To (City,Country/Region) Section is Passed
2020-06-14 22:53:31.000499 INFO  ServiceHookss:53 - Tap Search after selecting From and To (City,Country/Region) Section ---------->has Passed
2020-06-14 22:53:31.000499 INFO  ServiceHookss:55 - ************Test Execution completed for Test:Tap Search after selecting From and To (City,Country/Region) Section************

2020-06-14 22:53:31.000500 INFO  ServiceHookss:63 - ************Test Execution started:verify Sailings************

2020-06-14 22:53:31.000618 INFO  BaseDeviceElement:60 - User found  element in screen is available : true
2020-06-14 22:53:31.000710 INFO  BaseDeviceElement:60 - User found  element in screen is available : true
2020-06-14 22:53:31.000806 INFO  BaseDeviceElement:48 - User found text in screen is available : Mumbai, MAHARASHTRA
2020-06-14 22:53:31.000899 INFO  BaseDeviceElement:48 - User found text in screen is available : Guntur, Andhra Pradesh
2020-06-14 22:53:32.000875 INFO  BaseDeviceElement:60 - User found  element in screen is available : true
2020-06-14 22:53:32.000986 INFO  BaseDeviceElement:60 - User found  element in screen is available : true
2020-06-14 22:53:33.000095 INFO  BaseDeviceElement:60 - User found  element in screen is available : true
2020-06-14 22:53:33.000207 INFO  BaseDeviceElement:60 - User found  element in screen is available : true
2020-06-14 22:53:33.000311 INFO  BaseDeviceElement:60 - User found  element in screen is available : true
2020-06-14 22:53:33.000413 INFO  BaseDeviceElement:60 - User found  element in screen is available : true
2020-06-14 22:53:34.000565 INFO  ServiceHookss:48 - verify Sailings is Passed
2020-06-14 22:53:34.000566 INFO  ServiceHookss:53 - verify Sailings ---------->has Passed
2020-06-14 22:53:34.000566 INFO  ServiceHookss:55 - ************Test Execution completed for Test:verify Sailings************

2020-06-14 22:53:34.000567 INFO  ServiceHookss:63 - ************Test Execution started:0 sailings************

2020-06-14 22:53:35.000205 INFO  BaseDeviceElement:60 - User found  element in screen is available : true
2020-06-14 22:53:35.000309 INFO  BaseDeviceElement:48 - User found text in screen is available : We couldn't find any schedules matching your search.
2020-06-14 22:53:35.000437 INFO  BaseDeviceElement:72 - User Tap MobileElement is  : Located by By.chained({By.AccessibilityId: Navigate up})
2020-06-14 22:53:37.000210 INFO  BaseDeviceElement:48 - User found text in screen is available : Point-to-Point
2020-06-14 22:53:38.000432 INFO  ServiceHookss:48 - 0 sailings is Passed
2020-06-14 22:53:38.000433 INFO  ServiceHookss:53 - 0 sailings ---------->has Passed
2020-06-14 22:53:38.000433 INFO  ServiceHookss:55 - ************Test Execution completed for Test:0 sailings************

2020-06-14 22:53:38.000434 INFO  ServiceHookss:63 - ************Test Execution started:Change Merchant CY to Carrier SD************

2020-06-14 22:53:38.000479 INFO  BaseDeviceElement:158 - About to do swipe
2020-06-14 22:53:39.000748 INFO  BaseDeviceElement:171 - Swipe  Down completed
2020-06-14 22:53:39.000748 INFO  BaseDeviceElement:158 - About to do swipe
2020-06-14 22:53:40.000997 INFO  BaseDeviceElement:171 - Swipe  Down completed
2020-06-14 22:53:41.000317 INFO  BaseDeviceElement:72 - User Tap MobileElement is  : Located by By.chained({By.id: com.maersk.trackandtrace.maerskline:id/point_to_point_from_haulage_carrier})
2020-06-14 22:53:42.000301 INFO  BaseDeviceElement:60 - User found  element in screen is available : true
2020-06-14 22:53:42.000459 INFO  BaseDeviceElement:72 - User Tap MobileElement is  : Located by By.chained({By.id: com.maersk.trackandtrace.maerskline:id/point_to_point_to_haulage_carrier})
2020-06-14 22:53:43.000307 INFO  BaseDeviceElement:60 - User found  element in screen is available : true
2020-06-14 22:53:44.000616 INFO  BaseDeviceElement:132 - Swipe Up completed
2020-06-14 22:53:45.000252 INFO  BaseDeviceElement:72 - User Tap MobileElement is  : Located by By.chained({By.id: com.maersk.trackandtrace.maerskline:id/point_to_point_search})
2020-06-14 22:53:45.000949 INFO  BaseDeviceElement:60 - User found  element in screen is available : true
2020-06-14 22:53:47.000117 INFO  ServiceHookss:48 - Change Merchant CY to Carrier SD is Passed
2020-06-14 22:53:47.000118 INFO  ServiceHookss:53 - Change Merchant CY to Carrier SD ---------->has Passed
2020-06-14 22:53:47.000118 INFO  ServiceHookss:55 - ************Test Execution completed for Test:Change Merchant CY to Carrier SD************

2020-06-14 22:53:47.000119 INFO  ServiceHookss:63 - ************Test Execution started:0 sailings************

2020-06-14 22:53:48.000432 INFO  BaseDeviceElement:60 - User found  element in screen is available : true
2020-06-14 22:53:48.000528 INFO  BaseDeviceElement:48 - User found text in screen is available : We couldn't find any schedules matching your search.
2020-06-14 22:53:48.000692 INFO  BaseDeviceElement:72 - User Tap MobileElement is  : Located by By.chained({By.AccessibilityId: Navigate up})
2020-06-14 22:53:50.000241 INFO  BaseDeviceElement:48 - User found text in screen is available : Point-to-Point
2020-06-14 22:53:51.000452 INFO  ServiceHookss:48 - 0 sailings is Passed
2020-06-14 22:53:51.000453 INFO  ServiceHookss:53 - 0 sailings ---------->has Passed
2020-06-14 22:53:51.000453 INFO  ServiceHookss:55 - ************Test Execution completed for Test:0 sailings************

2020-06-14 22:53:56.000828 INFO  TestHarness:141 - Report Path Location:  /Users/chirumamillabhargav/Downloads/MaerskApps/TestResults/cucumber-reports/TestAutomation.html
